<?xml version="1.0" encoding="UTF-8"?>
<testng-results ignored="0" total="1" passed="1" failed="0" skipped="0">
  <reporter-output>
  </reporter-output>
  <suite started-at="2021-08-17T20:39:24 IST" name="Assignment Test Suite" finished-at="2021-08-17T20:39:33 IST" duration-ms="8538">
    <groups>
    </groups>
    <test started-at="2021-08-17T20:39:24 IST" name="C:\Users\ashin\Documents\Software Testing\PageObjectModel-FedEx" finished-at="2021-08-17T20:39:33 IST" duration-ms="8538">
      <class name="com.fedex.testcases.TC_001">
        <test-method signature="cheeral_to_arizona()[pri:0, instance:com.fedex.testcases.TC_001@4d5b6aac]" started-at="2021-08-17T20:39:24 IST" name="cheeral_to_arizona" finished-at="2021-08-17T20:39:33 IST" duration-ms="8506" status="PASS">
          <reporter-output>
          </reporter-output>
        </test-method> <!-- cheeral_to_arizona -->
      </class> <!-- com.fedex.testcases.TC_001 -->
    </test> <!-- C:\Users\ashin\Documents\Software Testing\PageObjectModel-FedEx -->
  </suite> <!-- Assignment Test Suite -->
</testng-results>
